MATLAB is selecting SOFTWARE OPENGL rendering.

                            < M A T L A B (R) >
                  Copyright 1984-2016 The MathWorks, Inc.
                   R2016b (9.1.0.441655) 64-bit (glnxa64)
                             September 7, 2016

 
To get started, type one of these: helpwin, helpdesk, or demo.
For product information, visit www.mathworks.com.
 
Starting parallel pool (parpool) using the 'local' profile ... 
{Error using parallel.Cluster/parpool (line 81)
Failed to start a parallel pool. (For information in addition to the causing
error, validate the profile 'local' in the Cluster Profile Manager.)

Error in Strain_CNT_2D_bis_bis (line 3)
parpool(myclusterSdbisbis,60,'SpmdEnabled',false);

Caused by:
    Error using parallel.internal.pool.InteractiveClient>iThrowWithCause (line
    665)
    Failed to initialize the interactive session.
        Error using
        parallel.internal.pool.InteractiveClient>iThrowIfBadParallelJobStatus
        (line 766)
        The interactive communicating job failed with no message.
} 
