MATLAB is selecting SOFTWARE OPENGL rendering.

                            < M A T L A B (R) >
                  Copyright 1984-2016 The MathWorks, Inc.
                   R2016b (9.1.0.441655) 64-bit (glnxa64)
                             September 7, 2016

 
To get started, type one of these: helpwin, helpdesk, or demo.
For product information, visit www.mathworks.com.
 
Starting parallel pool (parpool) using the 'local' profile ... connected to 60 workers.
// Volume fraction right now = 0.134
// Volume fraction right now = 0.137
// Volume fraction right now = 0.14
// Volume fraction right now = 0.143
// Volume fraction right now = 0.146
// Volume fraction right now = 0.149
// Volume fraction right now = 0.152
// Volume fraction right now = 0.155
// Volume fraction right now = 0.158
// Volume fraction right now = 0.2
// Volume fraction right now = 0.25
// Volume fraction right now = 0.3
// Volume fraction right now = 0.35
// Volume fraction right now = 0.4
Parallel pool using the 'local' profile is shutting down.
>> 